SF:lib\src\models\standard_game_system.dart
DA:18,1
DA:31,0
DA:35,0
DA:37,0
DA:40,0
DA:41,0
DA:42,0
DA:43,0
DA:44,0
DA:45,0
DA:46,0
DA:47,0
DA:48,0
DA:49,0
DA:50,0
DA:51,0
DA:52,0
DA:54,0
DA:55,0
DA:61,0
DA:62,0
DA:63,0
DA:64,0
DA:65,0
DA:66,0
DA:67,0
DA:68,0
DA:69,0
DA:70,0
DA:75,0
DA:76,0
DA:79,0
DA:84,0
DA:85,0
DA:94,0
DA:95,0
DA:96,0
DA:97,0
DA:98,0
DA:103,0
DA:114,0
DA:115,0
DA:116,0
DA:117,0
DA:118,0
DA:119,0
DA:120,0
DA:121,0
DA:122,0
DA:123,0
DA:134,0
DA:140,0
DA:141,0
DA:142,0
DA:143,0
DA:144,0
DA:148,0
DA:149,0
DA:150,0
DA:151,0
DA:152,0
DA:157,0
DA:162,0
DA:163,0
DA:164,0
DA:165,0
LF:66
LH:1
end_of_record
SF:lib\src\services\game_system_mapper.dart
DA:12,1
DA:31,1
DA:32,0
DA:40,0
DA:41,0
DA:43,0
DA:50,1
DA:52,1
DA:53,1
DA:60,1
DA:63,1
DA:65,1
DA:74,1
DA:76,0
DA:77,0
DA:78,0
DA:88,1
DA:91,2
DA:101,1
DA:104,1
DA:110,2
DA:112,1
DA:113,2
DA:114,1
DA:122,1
DA:123,2
DA:124,3
DA:128,0
DA:136,1
DA:137,2
DA:138,3
DA:142,1
DA:150,2
DA:151,1
DA:154,1
DA:156,1
DA:163,1
DA:164,1
DA:167,0
DA:175,1
DA:176,1
DA:179,0
DA:190,1
DA:191,0
DA:198,1
DA:204,0
DA:205,0
DA:213,1
DA:214,1
DA:215,1
DA:216,0
DA:217,0
DA:218,0
DA:221,3
DA:222,1
DA:223,1
DA:227,1
DA:228,2
DA:234,1
DA:236,1
DA:239,1
DA:240,5
DA:245,2
DA:248,1
DA:249,1
DA:250,1
DA:251,1
DA:252,0
DA:256,7
DA:258,2
DA:259,4
DA:260,8
DA:261,4
DA:262,1
DA:264,2
DA:265,4
DA:266,8
DA:267,4
DA:268,1
DA:270,4
DA:272,1
DA:273,5
DA:276,3
DA:283,1
DA:285,2
DA:286,2
DA:287,3
DA:290,2
DA:291,2
DA:293,2
DA:294,2
DA:298,2
DA:299,2
DA:300,5
DA:301,3
DA:302,4
DA:303,4
DA:304,5
DA:305,3
DA:309,4
DA:313,1
DA:315,2
DA:317,7
DA:320,4
DA:322,3
DA:326,1
DA:328,3
DA:334,0
DA:338,0
DA:339,0
DA:340,0
DA:341,0
DA:342,0
DA:345,0
DA:348,0
DA:349,0
DA:350,0
DA:351,0
DA:352,0
DA:356,0
DA:361,0
DA:362,0
DA:363,0
DA:364,0
DA:365,0
DA:366,0
DA:371,0
DA:372,0
DA:373,0
LF:129
LH:90
end_of_record
SF:lib\src\services\game_system_service.dart
DA:18,0
DA:19,0
DA:22,0
DA:23,0
DA:26,0
DA:27,0
DA:28,0
DA:30,0
DA:32,0
DA:35,0
DA:37,0
DA:40,0
DA:46,0
DA:48,0
DA:49,0
DA:50,0
DA:52,0
DA:53,0
DA:54,0
DA:56,0
DA:62,0
DA:64,0
DA:65,0
DA:68,0
DA:70,0
DA:76,0
DA:77,0
DA:81,0
DA:82,0
DA:83,0
DA:84,0
DA:86,0
DA:87,0
DA:91,0
DA:92,0
DA:93,0
DA:94,0
DA:96,0
DA:97,0
DA:104,0
DA:105,0
DA:107,0
DA:108,0
DA:109,0
DA:110,0
DA:111,0
DA:114,0
DA:120,0
DA:122,0
DA:123,0
DA:125,0
DA:131,0
DA:133,0
DA:134,0
DA:137,0
DA:139,0
DA:145,0
DA:147,0
DA:149,0
DA:156,0
DA:158,0
DA:161,0
DA:162,0
DA:163,0
DA:164,0
DA:169,0
DA:171,0
DA:172,0
DA:175,0
DA:176,0
DA:177,0
DA:178,0
DA:181,0
DA:185,0
DA:186,0
DA:187,0
DA:192,0
DA:198,0
DA:201,0
DA:202,0
DA:208,0
DA:210,0
DA:213,0
DA:216,0
DA:217,0
DA:220,0
DA:227,0
DA:228,0
DA:229,0
DA:230,0
DA:236,0
DA:237,0
DA:243,0
DA:245,0
DA:246,0
DA:248,0
DA:253,0
DA:258,0
DA:264,0
DA:265,0
DA:269,0
DA:270,0
DA:271,0
DA:276,0
DA:283,0
DA:286,0
DA:288,0
DA:290,0
DA:293,0
DA:301,0
DA:303,0
DA:304,0
DA:311,0
DA:312,0
DA:313,0
DA:314,0
DA:316,0
DA:317,0
DA:321,0
DA:322,0
DA:323,0
DA:324,0
DA:325,0
DA:326,0
DA:327,0
DA:328,0
DA:329,0
DA:330,0
DA:332,0
DA:338,0
DA:340,0
DA:343,0
DA:344,0
DA:345,0
DA:348,0
DA:350,0
LF:136
LH:0
end_of_record
SF:lib\src\quest_card\quest_card.dart
DA:36,0
DA:64,0
DA:65,0
DA:66,0
DA:67,0
DA:68,0
DA:69,0
DA:70,0
DA:71,0
DA:72,0
DA:73,0
DA:74,0
DA:75,0
DA:76,0
DA:77,0
DA:78,0
DA:79,0
DA:80,0
DA:81,0
DA:82,0
DA:83,0
DA:84,0
DA:85,0
DA:87,0
DA:89,0
DA:92,0
DA:94,0
DA:96,0
DA:97,0
DA:99,0
DA:102,0
DA:104,0
DA:107,0
DA:110,0
DA:113,0
DA:115,0
DA:117,0
DA:118,0
DA:120,0
DA:123,0
DA:125,0
DA:128,0
DA:132,0
DA:133,0
DA:134,0
DA:135,0
DA:136,0
DA:137,0
DA:138,0
DA:139,0
DA:140,0
DA:141,0
DA:142,0
DA:143,0
DA:144,0
DA:145,0
DA:146,0
DA:147,0
DA:148,0
DA:149,0
DA:150,0
DA:151,0
DA:152,0
DA:153,0
DA:154,0
DA:156,0
DA:158,0
DA:160,0
DA:162,0
DA:163,0
DA:164,0
DA:165,0
DA:166,0
DA:167,0
DA:168,0
DA:169,0
DA:171,0
DA:172,0
DA:173,0
DA:174,0
DA:177,0
DA:179,0
DA:181,0
DA:183,0
DA:184,0
DA:185,0
DA:186,0
DA:187,0
DA:188,0
DA:189,0
DA:190,0
DA:192,0
DA:193,0
DA:194,0
DA:195,0
DA:198,0
DA:202,0
DA:203,0
DA:204,0
DA:205,0
DA:208,0
DA:209,0
DA:210,0
DA:211,0
DA:212,0
DA:213,0
DA:214,0
DA:215,0
DA:216,0
DA:217,0
DA:218,0
DA:219,0
DA:220,0
DA:221,0
DA:222,0
DA:223,0
DA:224,0
DA:225,0
DA:226,0
DA:227,0
DA:228,0
DA:229,0
DA:230,0
DA:231,0
DA:232,0
DA:233,0
DA:234,0
DA:235,0
DA:236,0
DA:240,0
DA:241,0
DA:242,0
DA:244,0
DA:246,0
DA:247,0
DA:248,0
DA:251,0
DA:254,0
DA:256,0
DA:257,0
DA:261,0
DA:262,0
DA:263,0
DA:265,0
DA:267,0
DA:268,0
DA:271,0
DA:272,0
DA:275,0
DA:277,0
DA:278,0
DA:280,0
DA:281,0
DA:284,0
DA:285,0
DA:288,0
DA:289,0
DA:290,0
DA:292,0
DA:294,0
DA:297,0
DA:299,0
DA:301,0
DA:308,0
DA:309,0
DA:310,0
DA:311,0
DA:317,0
DA:318,0
DA:319,0
DA:321,0
DA:323,0
DA:326,0
DA:328,0
DA:330,0
DA:331,0
DA:333,0
DA:336,0
DA:337,0
DA:342,0
DA:343,0
DA:344,0
DA:345,0
DA:348,0
DA:352,0
DA:353,0
DA:354,0
DA:356,0
DA:359,0
DA:362,0
DA:363,0
DA:366,0
DA:367,0
DA:370,0
DA:371,0
DA:374,0
DA:375,0
DA:378,0
DA:384,0
DA:385,0
DA:386,0
DA:387,0
DA:389,0
DA:391,0
DA:392,0
DA:393,0
DA:396,0
DA:399,0
DA:401,0
DA:402,0
DA:406,0
DA:407,0
DA:408,0
DA:411,0
DA:412,0
DA:414,0
DA:417,0
DA:420,0
DA:421,0
DA:424,0
DA:428,0
DA:429,0
DA:432,0
DA:433,0
DA:436,0
DA:437,0
DA:440,0
LF:227
LH:0
end_of_record
SF:lib\src\widgets\similar_quest_preview_card.dart
DA:10,1
DA:17,1
DA:19,1
DA:21,1
DA:23,1
DA:25,1
DA:26,1
DA:28,1
DA:30,1
DA:31,1
DA:32,1
DA:33,3
DA:36,1
DA:37,2
DA:38,3
DA:41,1
DA:42,4
DA:43,3
LF:18
LH:18
end_of_record
